<?xml version="1.0" encoding="UTF-8"?>
<testsuite xmlns:xsi="http://www.w3.org/2001/XMLSchema-instance" xsi:noNamespaceSchemaLocation="https://maven.apache.org/surefire/maven-surefire-plugin/xsd/surefire-test-report-3.0.xsd" version="3.0" name="TestSuite" time="69.036" tests="2" errors="0" skipped="0" failures="1">
  <properties>
[...]
</properties>
  <testcase name="signin" classname="com.practice.testcases.TC_test_01" time="12.285">
    <system-out><![CDATA[ INFO [TestNG-test=User Registration-1] (BaseClass.java:76)- URL Opned
 INFO [TestNG-test=User Registration-1] (TC_test_01.java:32)- *********Test Case 'TC_test_01' is started***********
 INFO [TestNG-test=User Registration-1] (TC_test_01.java:36)- Clicked on Navigation icon
 INFO [TestNG-test=User Registration-1] (TC_test_01.java:40)- Clicked on Sign in button
 INFO [TestNG-test=User Registration-1] (TC_test_01.java:44)- Clicked on "Create an Account" button
 INFO [TestNG-test=User Registration-1] (TC_test_01.java:50)- User name is entered
 INFO [TestNG-test=User Registration-1] (TC_test_01.java:54)- Email id is entered
 INFO [TestNG-test=User Registration-1] (TC_test_01.java:58)- Clicked in country code button
 INFO [TestNG-test=User Registration-1] (TC_test_01.java:62)- +91 is selected as country code
 INFO [TestNG-test=User Registration-1] (TC_test_01.java:66)- Mobile number is entered
 INFO [TestNG-test=User Registration-1] (TC_test_01.java:70)- Password is entered
 INFO [TestNG-test=User Registration-1] (TC_test_01.java:72)- 

]]></system-out>
    <system-err><![CDATA[log4j:WARN File option not set for appender [TTCC].
log4j:WARN Are you using FileAppender instead of ConsoleAppender?
Starting ChromeDriver 2.42.591088 (7b2b2dca23cca0862f674758c9a3933e685c27d5) on port 10545
Only local connections are allowed.
[1621012432.747][WARNING]: Timed out connecting to Chrome, retrying...
May 14, 2021 10:43:54 PM org.openqa.selenium.remote.ProtocolHandshake createSession
INFO: Detected dialect: OSS
[1621012436.952][WARNING]: Timed out connecting to Chrome, retrying...
log4j:ERROR No output stream or file set for the appender named [TTCC].
]]></system-err>
  </testcase>
  <testcase name="profuct_flow" classname="com.practice.testcases.TC_test_02" time="21.76">
    <failure message="no such element: Unable to locate element: {&quot;method&quot;:&quot;xpath&quot;,&quot;selector&quot;:&quot;//input[@id=&apos;buy-now-button&apos;]&quot;}&#10;  (Session info: chrome=90.0.4430.212)&#10;  (Driver info: chromedriver=2.42.591088 (7b2b2dca23cca0862f674758c9a3933e685c27d5),platform=Windows NT 10.0.19041 x86_64) (WARNING: The server did not provide any stacktrace information)&#10;Command duration or timeout: 0 milliseconds&#10;For documentation on this error, please visit: https://www.seleniumhq.org/exceptions/no_such_element.html&#10;Build info: version: &apos;3.141.59&apos;, revision: &apos;e82be7d358&apos;, time: &apos;2018-11-14T08:17:03&apos;&#10;System info: host: &apos;ORANGELT070&apos;, ip: &apos;192.168.154.1&apos;, os.name: &apos;Windows 10&apos;, os.arch: &apos;amd64&apos;, os.version: &apos;10.0&apos;, java.version: &apos;11.0.10&apos;&#10;Driver info: org.openqa.selenium.chrome.ChromeDriver&#10;Capabilities {acceptInsecureCerts: false, acceptSslCerts: false, applicationCacheEnabled: false, browserConnectionEnabled: false, browserName: chrome, chrome: {chromedriverVersion: 2.42.591088 (7b2b2dca23cca0..., userDataDir: C:\Users\orange\AppData\Loc...}, cssSelectorsEnabled: true, databaseEnabled: false, goog:chromeOptions: {debuggerAddress: localhost:49408}, handlesAlerts: true, hasTouchScreen: false, javascriptEnabled: true, locationContextEnabled: true, mobileEmulationEnabled: false, nativeEvents: true, networkConnectionEnabled: false, pageLoadStrategy: normal, platform: XP, platformName: XP, rotatable: false, setWindowRect: true, takesHeapSnapshot: true, takesScreenshot: true, unexpectedAlertBehaviour: , unhandledPromptBehavior: , version: 90.0.4430.212, webStorageEnabled: true}&#10;Session ID: cb54e0a69827e13c8de4ca92cb9bafb9&#10;*** Element info: {Using=xpath, value=//input[@id=&apos;buy-now-button&apos;]}" type="org.openqa.selenium.NoSuchElementException"><![CDATA[org.openqa.selenium.NoSuchElementException: 
no such element: Unable to locate element: {"method":"xpath","selector":"//input[@id='buy-now-button']"}
  (Session info: chrome=90.0.4430.212)
  (Driver info: chromedriver=2.42.591088 (7b2b2dca23cca0862f674758c9a3933e685c27d5),platform=Windows NT 10.0.19041 x86_64) (WARNING: The server did not provide any stacktrace information)
Command duration or timeout: 0 milliseconds
For documentation on this error, please visit: https://www.seleniumhq.org/exceptions/no_such_element.html
Build info: version: '3.141.59', revision: 'e82be7d358', time: '2018-11-14T08:17:03'
System info: host: 'ORANGELT070', ip: '192.168.154.1', os.name: 'Windows 10', os.arch: 'amd64', os.version: '10.0', java.version: '11.0.10'
Driver info: org.openqa.selenium.chrome.ChromeDriver
Capabilities {acceptInsecureCerts: false, acceptSslCerts: false, applicationCacheEnabled: false, browserConnectionEnabled: false, browserName: chrome, chrome: {chromedriverVersion: 2.42.591088 (7b2b2dca23cca0..., userDataDir: C:\Users\orange\AppData\Loc...}, cssSelectorsEnabled: true, databaseEnabled: false, goog:chromeOptions: {debuggerAddress: localhost:49408}, handlesAlerts: true, hasTouchScreen: false, javascriptEnabled: true, locationContextEnabled: true, mobileEmulationEnabled: false, nativeEvents: true, networkConnectionEnabled: false, pageLoadStrategy: normal, platform: XP, platformName: XP, rotatable: false, setWindowRect: true, takesHeapSnapshot: true, takesScreenshot: true, unexpectedAlertBehaviour: , unhandledPromptBehavior: , version: 90.0.4430.212, webStorageEnabled: true}
Session ID: cb54e0a69827e13c8de4ca92cb9bafb9
*** Element info: {Using=xpath, value=//input[@id='buy-now-button']}
	at com.practice.testcases.TC_test_02.profuct_flow(TC_test_02.java:46)
]]></failure>
    <system-out><![CDATA[ INFO [TestNG-test=User Registration-1] (BaseClass.java:76)- URL Opned
 INFO [TestNG-test=User Registration-1] (TC_test_02.java:24)- *********Test Case 'TC_test_02' is started***********
 INFO [TestNG-test=User Registration-1] (TC_test_02.java:31)- Clicked on "Electronics" button
 INFO [TestNG-test=User Registration-1] (TC_test_02.java:35)- Hover over "Cameras" button
 INFO [TestNG-test=User Registration-1] (TC_test_02.java:39)- Clicked on "Nikon" button
 INFO [TestNG-test=User Registration-1] (TC_test_02.java:43)- Clicked on first product
]]></system-out>
    <system-err><![CDATA[log4j:WARN File option not set for appender [TTCC].
log4j:WARN Are you using FileAppender instead of ConsoleAppender?
Starting ChromeDriver 2.42.591088 (7b2b2dca23cca0862f674758c9a3933e685c27d5) on port 22744
Only local connections are allowed.
[1621012460.092][WARNING]: Timed out connecting to Chrome, retrying...
May 14, 2021 10:44:22 PM org.openqa.selenium.remote.ProtocolHandshake createSession
INFO: Detected dialect: OSS
[1621012464.178][WARNING]: Timed out connecting to Chrome, retrying...
log4j:ERROR No output stream or file set for the appender named [TTCC].
]]></system-err>
  </testcase>
</testsuite>