<?xml version="1.0" encoding="UTF-8"?>
<testsuite xmlns:xsi="http://www.w3.org/2001/XMLSchema-instance" xsi:noNamespaceSchemaLocation="https://maven.apache.org/surefire/maven-surefire-plugin/xsd/surefire-test-report-3.0.xsd" version="3.0" name="TestSuite" time="114.039" tests="2" errors="0" skipped="0" failures="0">
  <properties>
[...]
</properties>
  <testcase name="signin" classname="com.practice.testcases.TC_test_01" time="21.744">
    <system-out><![CDATA[ INFO [TestNG-test=User Registration-1] (BaseClass.java:78)- URL Opned
 INFO [TestNG-test=User Registration-1] (TC_test_01.java:33)- **************Test Case 'TC_test_01' is started****************
 INFO [TestNG-test=User Registration-1] (TC_test_01.java:37)- Clicked on Navigation icon
 INFO [TestNG-test=User Registration-1] (TC_test_01.java:41)- Clicked on Sign in button
 INFO [TestNG-test=User Registration-1] (TC_test_01.java:45)- Clicked on "Create an Account" button
 INFO [TestNG-test=User Registration-1] (TC_test_01.java:51)- User name is entered
 INFO [TestNG-test=User Registration-1] (TC_test_01.java:55)- Email id is entered
 INFO [TestNG-test=User Registration-1] (TC_test_01.java:59)- Clicked in country code button
 INFO [TestNG-test=User Registration-1] (TC_test_01.java:63)- +91 is selected as country code
 INFO [TestNG-test=User Registration-1] (TC_test_01.java:67)- Mobile number is entered
 INFO [TestNG-test=User Registration-1] (TC_test_01.java:71)- Password is entered
 INFO [TestNG-test=User Registration-1] (TC_test_01.java:73)- 

]]></system-out>
    <system-err><![CDATA[log4j:WARN File option not set for appender [TTCC].
log4j:WARN Are you using FileAppender instead of ConsoleAppender?
Starting ChromeDriver 2.42.591088 (7b2b2dca23cca0862f674758c9a3933e685c27d5) on port 44869
Only local connections are allowed.
[1602401739.150][WARNING]: Timed out connecting to Chrome, retrying...
Oct 11, 2020 1:05:41 PM org.openqa.selenium.remote.ProtocolHandshake createSession
INFO: Detected dialect: OSS
[1602401743.400][WARNING]: Timed out connecting to Chrome, retrying...
log4j:ERROR No output stream or file set for the appender named [TTCC].
]]></system-err>
  </testcase>
  <testcase name="profuct_flow" classname="com.practice.testcases.TC_test_02" time="40.718">
    <system-out><![CDATA[ INFO [TestNG-test=User Registration-1] (BaseClass.java:78)- URL Opned
 INFO [TestNG-test=User Registration-1] (TC_test_02.java:24)- *********Test Case 'TC_test_02' is started***********
 INFO [TestNG-test=User Registration-1] (TC_test_02.java:28)- Clicked on "Computer" button
 INFO [TestNG-test=User Registration-1] (TC_test_02.java:32)- Hover over "Cameras" button
 INFO [TestNG-test=User Registration-1] (TC_test_02.java:36)- Clicked on "Nikon" button
 INFO [TestNG-test=User Registration-1] (TC_test_02.java:40)- Clicked on first product
 INFO [TestNG-test=User Registration-1] (TC_test_02.java:44)- Click on "Buy Now" button
 INFO [TestNG-test=User Registration-1] (TC_test_02.java:47)- 

]]></system-out>
    <system-err><![CDATA[log4j:WARN File option not set for appender [TTCC].
log4j:WARN Are you using FileAppender instead of ConsoleAppender?
Starting ChromeDriver 2.42.591088 (7b2b2dca23cca0862f674758c9a3933e685c27d5) on port 23229
Only local connections are allowed.
[1602401785.741][WARNING]: Timed out connecting to Chrome, retrying...
Oct 11, 2020 1:06:27 PM org.openqa.selenium.remote.ProtocolHandshake createSession
INFO: Detected dialect: OSS
[1602401789.798][WARNING]: Timed out connecting to Chrome, retrying...
log4j:ERROR No output stream or file set for the appender named [TTCC].
]]></system-err>
  </testcase>
</testsuite>